com.agorapulse.micronaut.console.ConsoleException: Exception during script execution
	at com.agorapulse.micronaut.console.DefaultConsoleService.execute(DefaultConsoleService.java:82)
	at com.agorapulse.micronaut.console.function.ConsoleHandler.apply(ConsoleHandler.java:40)
	at com.agorapulse.micronaut.console.function.ConsoleHandler$apply.call(Unknown Source)
	at org.codehaus.groovy.runtime.callsite.CallSiteArray.defaultCall(CallSiteArray.java:47)
	at org.codehaus.groovy.runtime.callsite.AbstractCallSite.call(AbstractCallSite.java:115)
	at org.codehaus.groovy.runtime.callsite.AbstractCallSite.call(AbstractCallSite.java:127)
	at com.agorapulse.micronaut.console.function.ConsoleHandlerSpec.$spock_feature_0_2(ConsoleHandlerSpec.groovy:27)
	at sun.reflect.NativeMethodAccessorImpl.invoke0(Native Method)
	at sun.reflect.NativeMethodAccessorImpl.invoke(NativeMethodAccessorImpl.java:62)
	at sun.reflect.DelegatingMethodAccessorImpl.invoke(DelegatingMethodAccessorImpl.java:43)
	at java.lang.reflect.Method.invoke(Method.java:498)
	at org.spockframework.util.ReflectionUtil.invokeMethod(ReflectionUtil.java:200)
	at org.spockframework.runtime.model.MethodInfo.invoke(MethodInfo.java:113)
	at org.spockframework.runtime.BaseSpecRunner.invokeRaw(BaseSpecRunner.java:484)
	at org.spockframework.runtime.BaseSpecRunner.invoke(BaseSpecRunner.java:467)
	at org.spockframework.runtime.BaseSpecRunner.runFeatureMethod(BaseSpecRunner.java:408)
	at org.spockframework.runtime.BaseSpecRunner.doRunIteration(BaseSpecRunner.java:322)
	at org.spockframework.runtime.BaseSpecRunner$6.invoke(BaseSpecRunner.java:306)
	at org.spockframework.runtime.extension.MethodInvocation.proceed(MethodInvocation.java:98)
	at org.spockframework.runtime.extension.builtin.AbstractRuleInterceptor$1.evaluate(AbstractRuleInterceptor.java:37)
	at com.agorapulse.testing.fixt.Fixt$1.evaluate(Fixt.java:147)
	at org.spockframework.runtime.extension.builtin.TestRuleInterceptor.intercept(TestRuleInterceptor.java:39)
	at org.spockframework.runtime.extension.MethodInvocation.proceed(MethodInvocation.java:97)
	at org.spockframework.runtime.BaseSpecRunner.invoke(BaseSpecRunner.java:475)
	at org.spockframework.runtime.BaseSpecRunner.runIteration(BaseSpecRunner.java:285)
	at org.spockframework.runtime.BaseSpecRunner.initializeAndRunIteration(BaseSpecRunner.java:275)
	at org.spockframework.runtime.BaseSpecRunner.runSimpleFeature(BaseSpecRunner.java:266)
	at org.spockframework.runtime.BaseSpecRunner.doRunFeature(BaseSpecRunner.java:260)
	at org.spockframework.runtime.BaseSpecRunner$5.invoke(BaseSpecRunner.java:243)
	at org.spockframework.runtime.BaseSpecRunner.invokeRaw(BaseSpecRunner.java:484)
	at org.spockframework.runtime.BaseSpecRunner.invoke(BaseSpecRunner.java:467)
	at org.spockframework.runtime.BaseSpecRunner.runFeature(BaseSpecRunner.java:235)
	at org.spockframework.runtime.BaseSpecRunner.runFeatures(BaseSpecRunner.java:185)
	at org.spockframework.runtime.BaseSpecRunner.doRunSpec(BaseSpecRunner.java:95)
	at org.spockframework.runtime.BaseSpecRunner$1.invoke(BaseSpecRunner.java:81)
	at org.spockframework.runtime.BaseSpecRunner.invokeRaw(BaseSpecRunner.java:484)
	at org.spockframework.runtime.BaseSpecRunner.invoke(BaseSpecRunner.java:467)
	at org.spockframework.runtime.BaseSpecRunner.runSpec(BaseSpecRunner.java:73)
	at org.spockframework.runtime.BaseSpecRunner.run(BaseSpecRunner.java:64)
	at org.spockframework.runtime.Sputnik.run(Sputnik.java:63)
	at org.gradle.api.internal.tasks.testing.junit.JUnitTestClassExecutor.runTestClass(JUnitTestClassExecutor.java:110)
	at org.gradle.api.internal.tasks.testing.junit.JUnitTestClassExecutor.execute(JUnitTestClassExecutor.java:58)
	at org.gradle.api.internal.tasks.testing.junit.JUnitTestClassExecutor.execute(JUnitTestClassExecutor.java:38)
	at org.gradle.api.internal.tasks.testing.junit.AbstractJUnitTestClassProcessor.processTestClass(AbstractJUnitTestClassProcessor.java:62)
	at org.gradle.api.internal.tasks.testing.SuiteTestClassProcessor.processTestClass(SuiteTestClassProcessor.java:51)
	at sun.reflect.NativeMethodAccessorImpl.invoke0(Native Method)
	at sun.reflect.NativeMethodAccessorImpl.invoke(NativeMethodAccessorImpl.java:62)
	at sun.reflect.DelegatingMethodAccessorImpl.invoke(DelegatingMethodAccessorImpl.java:43)
	at java.lang.reflect.Method.invoke(Method.java:498)
	at org.gradle.internal.dispatch.ReflectionDispatch.dispatch(ReflectionDispatch.java:36)
	at org.gradle.internal.dispatch.ReflectionDispatch.dispatch(ReflectionDispatch.java:24)
	at org.gradle.internal.dispatch.ContextClassLoaderDispatch.dispatch(ContextClassLoaderDispatch.java:33)
	at org.gradle.internal.dispatch.ProxyDispatchAdapter$DispatchingInvocationHandler.invoke(ProxyDispatchAdapter.java:94)
	at com.sun.proxy.$Proxy2.processTestClass(Unknown Source)
	at org.gradle.api.internal.tasks.testing.worker.TestWorker.processTestClass(TestWorker.java:119)
	at sun.reflect.NativeMethodAccessorImpl.invoke0(Native Method)
	at sun.reflect.NativeMethodAccessorImpl.invoke(NativeMethodAccessorImpl.java:62)
	at sun.reflect.DelegatingMethodAccessorImpl.invoke(DelegatingMethodAccessorImpl.java:43)
	at java.lang.reflect.Method.invoke(Method.java:498)
	at org.gradle.internal.dispatch.ReflectionDispatch.dispatch(ReflectionDispatch.java:36)
	at org.gradle.internal.dispatch.ReflectionDispatch.dispatch(ReflectionDispatch.java:24)
	at org.gradle.internal.remote.internal.hub.MessageHubBackedObjectConnection$DispatchWrapper.dispatch(MessageHubBackedObjectConnection.java:182)
	at org.gradle.internal.remote.internal.hub.MessageHubBackedObjectConnection$DispatchWrapper.dispatch(MessageHubBackedObjectConnection.java:164)
	at org.gradle.internal.remote.internal.hub.MessageHub$Handler.run(MessageHub.java:414)
	at org.gradle.internal.concurrent.ExecutorPolicy$CatchAndRecordFailures.onExecute(ExecutorPolicy.java:64)
	at org.gradle.internal.concurrent.ManagedExecutorImpl$1.run(ManagedExecutorImpl.java:48)
	at java.util.concurrent.ThreadPoolExecutor.runWorker(ThreadPoolExecutor.java:1149)
	at java.util.concurrent.ThreadPoolExecutor$Worker.run(ThreadPoolExecutor.java:624)
	at org.gradle.internal.concurrent.ThreadFactoryImpl$ManagedThreadRunnable.run(ThreadFactoryImpl.java:56)
	at java.lang.Thread.run(Thread.java:748)
Caused by: java.lang.RuntimeException: Does not work!
	at sun.reflect.NativeConstructorAccessorImpl.newInstance0(Native Method)
	at sun.reflect.NativeConstructorAccessorImpl.newInstance(NativeConstructorAccessorImpl.java:62)
	at sun.reflect.DelegatingConstructorAccessorImpl.newInstance(DelegatingConstructorAccessorImpl.java:45)
	at java.lang.reflect.Constructor.newInstance(Constructor.java:423)
	at org.codehaus.groovy.reflection.CachedConstructor.invoke(CachedConstructor.java:80)
	at org.codehaus.groovy.runtime.callsite.ConstructorSite$ConstructorSiteNoUnwrapNoCoerce.callConstructor(ConstructorSite.java:105)
	at org.codehaus.groovy.runtime.callsite.CallSiteArray.defaultCallConstructor(CallSiteArray.java:59)
	at org.codehaus.groovy.runtime.callsite.AbstractCallSite.callConstructor(AbstractCallSite.java:237)
	at org.codehaus.groovy.runtime.callsite.AbstractCallSite.callConstructor(AbstractCallSite.java:249)
	at Script1.run(Script1.groovy:1)
	at groovy.lang.GroovyShell.evaluate(GroovyShell.java:437)
	at groovy.lang.GroovyShell.evaluate(GroovyShell.java:475)
	at groovy.lang.GroovyShell.evaluate(GroovyShell.java:446)
	at com.agorapulse.micronaut.console.groovy.GroovyConsoleEngine.execute(GroovyConsoleEngine.java:61)
	at com.agorapulse.micronaut.console.DefaultConsoleService.execute(DefaultConsoleService.java:77)
	... 69 more


Script:
Language: groovy
User: Anonymous

throw new RuntimeException("Does not work!")
